<?xml version="1.0" encoding="UTF-8"?>
<!-- Generated by org.testng.reporters.JUnitXMLReporter -->
<testsuite hostname="DESKTOP-EU216N6" name="Default test" tests="5" failures="0" timestamp="30 Oct 2022 14:24:29 GMT" time="46.804" errors="0">
  <testcase name="TC_01_Default_DropdownList" time="12.542" classname="webdriver_api.Topic_5_DropdownList"/>
  <testcase name="TC_02_Custom_DropdownList_JQUERY" time="3.032" classname="webdriver_api.Topic_5_DropdownList"/>
  <testcase name="TC_03_Custom_DropdownList_JQUERY" time="7.376" classname="webdriver_api.Topic_5_DropdownList"/>
  <testcase name="TC_04_Custom_DropdownList_REACT" time="17.446" classname="webdriver_api.Topic_5_DropdownList"/>
  <testcase name="TC_05_Custom_DropdownList_EDIABLE" time="2.778" classname="webdriver_api.Topic_5_DropdownList"/>
</testsuite> <!-- Default test -->
