<?xml version="1.0" encoding="UTF-8"?>
<!-- Generated by org.testng.reporters.JUnitXMLReporter -->
<testsuite hostname="DESKTOP-EU216N6" name="Default test" tests="4" failures="0" timestamp="23 Oct 2022 14:36:42 GMT" time="12.694" errors="0">
  <testcase name="TC_01_New_Customer" time="3.735" classname="webdriver_api.Topic_4_Textbox_Textarea_DropdownList"/>
  <testcase name="TC_02_" time="0.0" classname="webdriver_api.Topic_4_Textbox_Textarea_DropdownList"/>
  <testcase name="TC_03_" time="0.0" classname="webdriver_api.Topic_4_Textbox_Textarea_DropdownList"/>
  <testcase name="TC_04_" time="0.001" classname="webdriver_api.Topic_4_Textbox_Textarea_DropdownList"/>
</testsuite> <!-- Default test -->
