<?xml version="1.0" encoding="UTF-8"?>
<testng-results skipped="0" failed="0" total="1" passed="1">
  <reporter-output>
  </reporter-output>
  <suite name="Default suite" duration-ms="4442" started-at="2022-11-06T03:52:16Z" finished-at="2022-11-06T03:52:21Z">
    <groups>
    </groups>
    <test name="Default test" duration-ms="4442" started-at="2022-11-06T03:52:16Z" finished-at="2022-11-06T03:52:21Z">
      <class name="webdriver_api.Topic_6_Button_Radio_Checkbox_Alert_Exercise">
        <test-method status="PASS" signature="beforeTest()[pri:0, instance:webdriver_api.Topic_6_Button_Radio_Checkbox_Alert_Exercise@174d20a]" name="beforeTest" is-config="true" duration-ms="1752" started-at="2022-11-06T10:52:16Z" finished-at="2022-11-06T10:52:18Z">
          <reporter-output>
          </reporter-output>
        </test-method> <!-- beforeTest -->
        <test-method status="PASS" signature="TC_04_Default_Checkbox_RadioButton()[pri:0, instance:webdriver_api.Topic_6_Button_Radio_Checkbox_Alert_Exercise@174d20a]" name="TC_04_Default_Checkbox_RadioButton" duration-ms="2683" started-at="2022-11-06T10:52:18Z" finished-at="2022-11-06T10:52:21Z">
          <reporter-output>
          </reporter-output>
        </test-method> <!-- TC_04_Default_Checkbox_RadioButton -->
        <test-method status="PASS" signature="afterTest()[pri:0, instance:webdriver_api.Topic_6_Button_Radio_Checkbox_Alert_Exercise@174d20a]" name="afterTest" is-config="true" duration-ms="0" started-at="2022-11-06T10:52:21Z" finished-at="2022-11-06T10:52:21Z">
          <reporter-output>
          </reporter-output>
        </test-method> <!-- afterTest -->
      </class> <!-- webdriver_api.Topic_6_Button_Radio_Checkbox_Alert_Exercise -->
    </test> <!-- Default test -->
  </suite> <!-- Default suite -->
</testng-results>
