<?xml version="1.0" encoding="UTF-8"?>
<testng-results skipped="0" failed="0" total="10" passed="10">
  <reporter-output>
  </reporter-output>
  <suite name="Suite" duration-ms="64" started-at="2022-11-23T12:02:47Z" finished-at="2022-11-23T12:02:47Z">
    <groups>
      <group name="pay">
        <method signature="Part2_Group.TC_03()[pri:0, instance:testNG_Framework.Part2_Group@153f5a29]" name="TC_03" class="testNG_Framework.Part2_Group"/>
        <method signature="Part2_Group.TC_04()[pri:0, instance:testNG_Framework.Part2_Group@153f5a29]" name="TC_04" class="testNG_Framework.Part2_Group"/>
        <method signature="Part2_Group.TC_03()[pri:0, instance:testNG_Framework.Part2_Group@7c0e2abd]" name="TC_03" class="testNG_Framework.Part2_Group"/>
        <method signature="Part2_Group.TC_04()[pri:0, instance:testNG_Framework.Part2_Group@7c0e2abd]" name="TC_04" class="testNG_Framework.Part2_Group"/>
      </group> <!-- pay -->
      <group name="user">
        <method signature="Part2_Group.TC_01()[pri:0, instance:testNG_Framework.Part2_Group@153f5a29]" name="TC_01" class="testNG_Framework.Part2_Group"/>
        <method signature="Part2_Group.TC_02()[pri:0, instance:testNG_Framework.Part2_Group@153f5a29]" name="TC_02" class="testNG_Framework.Part2_Group"/>
        <method signature="Part2_Group.TC_01()[pri:0, instance:testNG_Framework.Part2_Group@7c0e2abd]" name="TC_01" class="testNG_Framework.Part2_Group"/>
        <method signature="Part2_Group.TC_02()[pri:0, instance:testNG_Framework.Part2_Group@7c0e2abd]" name="TC_02" class="testNG_Framework.Part2_Group"/>
      </group> <!-- user -->
      <group name="shopping">
        <method signature="Part2_Group.TC_05()[pri:0, instance:testNG_Framework.Part2_Group@153f5a29]" name="TC_05" class="testNG_Framework.Part2_Group"/>
        <method signature="Part2_Group.TC_05()[pri:0, instance:testNG_Framework.Part2_Group@7c0e2abd]" name="TC_05" class="testNG_Framework.Part2_Group"/>
      </group> <!-- shopping -->
    </groups>
    <test name="Run testcase on FIREFOX" duration-ms="29" started-at="2022-11-23T12:02:47Z" finished-at="2022-11-23T12:02:47Z">
      <class name="testNG_Framework.Part2_Group">
        <test-method status="PASS" signature="TC_01()[pri:0, instance:testNG_Framework.Part2_Group@153f5a29]" name="TC_01" duration-ms="8" started-at="2022-11-23T19:02:47Z" finished-at="2022-11-23T19:02:47Z">
          <reporter-output>
          </reporter-output>
        </test-method> <!-- TC_01 -->
        <test-method status="PASS" signature="TC_02()[pri:0, instance:testNG_Framework.Part2_Group@153f5a29]" name="TC_02" duration-ms="1" started-at="2022-11-23T19:02:47Z" finished-at="2022-11-23T19:02:47Z">
          <reporter-output>
          </reporter-output>
        </test-method> <!-- TC_02 -->
        <test-method status="PASS" signature="TC_03()[pri:0, instance:testNG_Framework.Part2_Group@153f5a29]" name="TC_03" duration-ms="1" started-at="2022-11-23T19:02:47Z" finished-at="2022-11-23T19:02:47Z">
          <reporter-output>
          </reporter-output>
        </test-method> <!-- TC_03 -->
        <test-method status="PASS" signature="TC_04()[pri:0, instance:testNG_Framework.Part2_Group@153f5a29]" name="TC_04" duration-ms="0" started-at="2022-11-23T19:02:47Z" finished-at="2022-11-23T19:02:47Z">
          <reporter-output>
          </reporter-output>
        </test-method> <!-- TC_04 -->
        <test-method status="PASS" signature="TC_05()[pri:0, instance:testNG_Framework.Part2_Group@153f5a29]" name="TC_05" duration-ms="1" started-at="2022-11-23T19:02:47Z" finished-at="2022-11-23T19:02:47Z">
          <reporter-output>
          </reporter-output>
        </test-method> <!-- TC_05 -->
      </class> <!-- testNG_Framework.Part2_Group -->
    </test> <!-- Run testcase on FIREFOX -->
    <test name="Run testcase on CHROME" duration-ms="11" started-at="2022-11-23T12:02:47Z" finished-at="2022-11-23T12:02:47Z">
      <class name="testNG_Framework.Part2_Group">
        <test-method status="PASS" signature="TC_01()[pri:0, instance:testNG_Framework.Part2_Group@7c0e2abd]" name="TC_01" duration-ms="1" started-at="2022-11-23T19:02:47Z" finished-at="2022-11-23T19:02:47Z">
          <reporter-output>
          </reporter-output>
        </test-method> <!-- TC_01 -->
        <test-method status="PASS" signature="TC_02()[pri:0, instance:testNG_Framework.Part2_Group@7c0e2abd]" name="TC_02" duration-ms="0" started-at="2022-11-23T19:02:47Z" finished-at="2022-11-23T19:02:47Z">
          <reporter-output>
          </reporter-output>
        </test-method> <!-- TC_02 -->
        <test-method status="PASS" signature="TC_03()[pri:0, instance:testNG_Framework.Part2_Group@7c0e2abd]" name="TC_03" duration-ms="1" started-at="2022-11-23T19:02:47Z" finished-at="2022-11-23T19:02:47Z">
          <reporter-output>
          </reporter-output>
        </test-method> <!-- TC_03 -->
        <test-method status="PASS" signature="TC_04()[pri:0, instance:testNG_Framework.Part2_Group@7c0e2abd]" name="TC_04" duration-ms="1" started-at="2022-11-23T19:02:47Z" finished-at="2022-11-23T19:02:47Z">
          <reporter-output>
          </reporter-output>
        </test-method> <!-- TC_04 -->
        <test-method status="PASS" signature="TC_05()[pri:0, instance:testNG_Framework.Part2_Group@7c0e2abd]" name="TC_05" duration-ms="1" started-at="2022-11-23T19:02:47Z" finished-at="2022-11-23T19:02:47Z">
          <reporter-output>
          </reporter-output>
        </test-method> <!-- TC_05 -->
      </class> <!-- testNG_Framework.Part2_Group -->
    </test> <!-- Run testcase on CHROME -->
  </suite> <!-- Suite -->
</testng-results>
